
<!DOCTYPE html PUBLIC "-//W3C//DTD XHTML 1.0 Transitional//EN"
  "http://www.w3.org/TR/xhtml1/DTD/xhtml1-transitional.dtd">

<html xmlns="http://www.w3.org/1999/xhtml">
  <head>
    <meta http-equiv="Content-Type" content="text/html; charset=utf-8" />
    <title>9.22. EXPLAIN &#8212; Presto 323 Documentation</title>
    <link rel="stylesheet" href="../_static/presto.css" type="text/css" />
    <link rel="stylesheet" href="../_static/pygments.css" type="text/css" />
    <script type="text/javascript">
      var DOCUMENTATION_OPTIONS = {
        URL_ROOT:    '../',
        VERSION:     '323',
        COLLAPSE_INDEX: false,
        FILE_SUFFIX: '.html',
        HAS_SOURCE:  true,
        SOURCELINK_SUFFIX: '.txt'
      };
    </script>
    <script type="text/javascript" src="../_static/jquery.js"></script>
    <script type="text/javascript" src="../_static/underscore.js"></script>
    <script type="text/javascript" src="../_static/doctools.js"></script>
    <link rel="index" title="Index" href="../genindex.html" />
    <link rel="search" title="Search" href="../search.html" />
    <link rel="next" title="9.23. EXPLAIN ANALYZE" href="explain-analyze.html" />
    <link rel="prev" title="9.21. EXECUTE" href="execute.html" /> 
    <script async src="https://www.googletagmanager.com/gtag/js?id=UA-133457846-1"></script>
    <script>
      window.dataLayer = window.dataLayer || [];
      function gtag(){dataLayer.push(arguments);}
      gtag('js', new Date());
      gtag('config', 'UA-133457846-1');
    </script>
  </head>
  <body>
<div class="header">
    <h1 class="heading"><a href="../index.html">
        <span>Presto 323 Documentation</span></a></h1>
    <h2 class="heading"><span>9.22. EXPLAIN</span></h2>
</div>
<div class="topnav">
    
<p class="nav">
    <span class="left">
        &laquo; <a href="execute.html">9.21. EXECUTE</a>
    </span>
    <span class="right">
        <a href="explain-analyze.html">9.23. EXPLAIN ANALYZE</a> &raquo;
    </span>
</p>

</div>
<div class="content">
    
  <div class="section" id="explain">
<h1>9.22. EXPLAIN</h1>
<div class="section" id="synopsis">
<h2>Synopsis</h2>
<div class="highlight-none"><div class="highlight"><pre><span></span>EXPLAIN [ ( option [, ...] ) ] statement

where option can be one of:

    FORMAT { TEXT | GRAPHVIZ | JSON }
    TYPE { LOGICAL | DISTRIBUTED | VALIDATE | IO }
</pre></div>
</div>
</div>
<div class="section" id="description">
<h2>Description</h2>
<p>Show the logical or distributed execution plan of a statement, or validate the statement.
Use <code class="docutils literal"><span class="pre">TYPE</span> <span class="pre">DISTRIBUTED</span></code> option to display fragmented plan. Each plan fragment is executed by
a single or multiple Presto nodes. Fragments separation represent the data exchange between Presto nodes.
Fragment type specifies how the fragment is executed by Presto nodes and how the data is
distributed between fragments:</p>
<dl class="docutils">
<dt><code class="docutils literal"><span class="pre">SINGLE</span></code></dt>
<dd>Fragment is executed on a single node.</dd>
<dt><code class="docutils literal"><span class="pre">HASH</span></code></dt>
<dd>Fragment is executed on a fixed number of nodes with the input data
distributed using a hash function.</dd>
<dt><code class="docutils literal"><span class="pre">ROUND_ROBIN</span></code></dt>
<dd>Fragment is executed on a fixed number of nodes with the input data
distributed in a round-robin fashion.</dd>
<dt><code class="docutils literal"><span class="pre">BROADCAST</span></code></dt>
<dd>Fragment is executed on a fixed number of nodes with the input data
broadcasted to all nodes.</dd>
<dt><code class="docutils literal"><span class="pre">SOURCE</span></code></dt>
<dd>Fragment is executed on nodes where input splits are accessed.</dd>
</dl>
</div>
<div class="section" id="examples">
<h2>Examples</h2>
<p>Logical plan:</p>
<div class="highlight-none"><div class="highlight"><pre><span></span>presto:tiny&gt; EXPLAIN SELECT regionkey, count(*) FROM nation GROUP BY 1;
                                                   Query Plan
-----------------------------------------------------------------------------------------------------------------
 Output[regionkey, _col1]
 │   Layout: [regionkey:bigint, count:bigint]
 │   Estimates: {rows: ? (?), cpu: ?, memory: ?, network: ?}
 │   _col1 := count
 └─ RemoteExchange[GATHER]
    │   Layout: [regionkey:bigint, count:bigint]
    │   Estimates: {rows: ? (?), cpu: ?, memory: ?, network: ?}
    └─ Aggregate(FINAL)[regionkey]
       │   Layout: [regionkey:bigint, count:bigint]
       │   Estimates: {rows: ? (?), cpu: ?, memory: ?, network: ?}
       │   count := count(&quot;count_8&quot;)
       └─ LocalExchange[HASH][$hashvalue] (&quot;regionkey&quot;)
          │   Layout: [regionkey:bigint, count_8:bigint, $hashvalue:bigint]
          │   Estimates: {rows: ? (?), cpu: ?, memory: ?, network: ?}
          └─ RemoteExchange[REPARTITION][$hashvalue_9]
             │   Layout: [regionkey:bigint, count_8:bigint, $hashvalue_9:bigint]
             │   Estimates: {rows: ? (?), cpu: ?, memory: ?, network: ?}
             └─ Project[]
                │   Layout: [regionkey:bigint, count_8:bigint, $hashvalue_10:bigint]
                │   Estimates: {rows: ? (?), cpu: ?, memory: ?, network: ?}
                │   $hashvalue_10 := &quot;combine_hash&quot;(bigint &#39;0&#39;, COALESCE(&quot;$operator$hash_code&quot;(&quot;regionkey&quot;), 0))
                └─ Aggregate(PARTIAL)[regionkey]
                   │   Layout: [regionkey:bigint, count_8:bigint]
                   │   count_8 := count(*)
                   └─ TableScan[tpch:nation:sf0.01]
                          Layout: [regionkey:bigint]
                          Estimates: {rows: 25 (225B), cpu: 225, memory: 0B, network: 0B}
                          regionkey := tpch:regionkey
</pre></div>
</div>
<p>Distributed plan:</p>
<div class="highlight-none"><div class="highlight"><pre><span></span>presto:tiny&gt; EXPLAIN (TYPE DISTRIBUTED) SELECT regionkey, count(*) FROM nation GROUP BY 1;
                                              Query Plan
------------------------------------------------------------------------------------------------------
 Fragment 0 [SINGLE]
     Output layout: [regionkey, count]
     Output partitioning: SINGLE []
     Stage Execution Strategy: UNGROUPED_EXECUTION
     Output[regionkey, _col1]
     │   Layout: [regionkey:bigint, count:bigint]
     │   Estimates: {rows: ? (?), cpu: ?, memory: ?, network: ?}
     │   _col1 := count
     └─ RemoteSource[1]
            Layout: [regionkey:bigint, count:bigint]

 Fragment 1 [HASH]
     Output layout: [regionkey, count]
     Output partitioning: SINGLE []
     Stage Execution Strategy: UNGROUPED_EXECUTION
     Aggregate(FINAL)[regionkey]
     │   Layout: [regionkey:bigint, count:bigint]
     │   Estimates: {rows: ? (?), cpu: ?, memory: ?, network: ?}
     │   count := count(&quot;count_8&quot;)
     └─ LocalExchange[HASH][$hashvalue] (&quot;regionkey&quot;)
        │   Layout: [regionkey:bigint, count_8:bigint, $hashvalue:bigint]
        │   Estimates: {rows: ? (?), cpu: ?, memory: ?, network: ?}
        └─ RemoteSource[2]
               Layout: [regionkey:bigint, count_8:bigint, $hashvalue_9:bigint]

 Fragment 2 [SOURCE]
     Output layout: [regionkey, count_8, $hashvalue_10]
     Output partitioning: HASH [regionkey][$hashvalue_10]
     Stage Execution Strategy: UNGROUPED_EXECUTION
     Project[]
     │   Layout: [regionkey:bigint, count_8:bigint, $hashvalue_10:bigint]
     │   Estimates: {rows: ? (?), cpu: ?, memory: ?, network: ?}
     │   $hashvalue_10 := &quot;combine_hash&quot;(bigint &#39;0&#39;, COALESCE(&quot;$operator$hash_code&quot;(&quot;regionkey&quot;), 0))
     └─ Aggregate(PARTIAL)[regionkey]
        │   Layout: [regionkey:bigint, count_8:bigint]
        │   count_8 := count(*)
        └─ TableScan[tpch:nation:sf0.01, grouped = false]
               Layout: [regionkey:bigint]
               Estimates: {rows: 25 (225B), cpu: 225, memory: 0B, network: 0B}
               regionkey := tpch:regionkey
</pre></div>
</div>
<p>Validate:</p>
<div class="highlight-none"><div class="highlight"><pre><span></span>presto:tiny&gt; EXPLAIN (TYPE VALIDATE) SELECT regionkey, count(*) FROM nation GROUP BY 1;
 Valid
-------
 true
</pre></div>
</div>
<p>IO:</p>
<div class="highlight-none"><div class="highlight"><pre><span></span>presto:hive&gt; EXPLAIN (TYPE IO, FORMAT JSON) INSERT INTO test_nation SELECT * FROM nation WHERE regionkey = 2;
            Query Plan
-----------------------------------
 {
   &quot;inputTableColumnInfos&quot; : [ {
     &quot;table&quot; : {
       &quot;catalog&quot; : &quot;hive&quot;,
       &quot;schemaTable&quot; : {
         &quot;schema&quot; : &quot;tpch&quot;,
         &quot;table&quot; : &quot;nation&quot;
       }
     },
     &quot;columns&quot; : [ {
       &quot;columnName&quot; : &quot;regionkey&quot;,
       &quot;type&quot; : &quot;bigint&quot;,
       &quot;domain&quot; : {
         &quot;nullsAllowed&quot; : false,
         &quot;ranges&quot; : [ {
           &quot;low&quot; : {
             &quot;value&quot; : &quot;2&quot;,
             &quot;bound&quot; : &quot;EXACTLY&quot;
           },
           &quot;high&quot; : {
             &quot;value&quot; : &quot;2&quot;,
             &quot;bound&quot; : &quot;EXACTLY&quot;
           }
         } ]
       }
     } ],
     &quot;estimate&quot; : {
       &quot;outputRowCount&quot; : 15000.0,
       &quot;outputSizeInBytes&quot; : 1597294.0,
       &quot;cpuCost&quot; : 1597294.0,
       &quot;maxMemory&quot; : 0.0,
       &quot;networkCost&quot; : 0.0
     },
   } ],
   &quot;outputTable&quot; : {
     &quot;catalog&quot; : &quot;hive&quot;,
     &quot;schemaTable&quot; : {
       &quot;schema&quot; : &quot;tpch&quot;,
       &quot;table&quot; : &quot;test_nation&quot;
     }
   },
   &quot;estimate&quot; : {
     &quot;outputRowCount&quot; : 15000.0,
     &quot;outputSizeInBytes&quot; : 1597294.0,
     &quot;cpuCost&quot; : 1597294.0,
     &quot;maxMemory&quot; : 0.0,
     &quot;networkCost&quot; : 1597294.0
   }
 }
</pre></div>
</div>
</div>
<div class="section" id="see-also">
<h2>See Also</h2>
<p><a class="reference internal" href="explain-analyze.html"><span class="doc">EXPLAIN ANALYZE</span></a></p>
</div>
</div>


</div>
<div class="bottomnav">
    
<p class="nav">
    <span class="left">
        &laquo; <a href="execute.html">9.21. EXECUTE</a>
    </span>
    <span class="right">
        <a href="explain-analyze.html">9.23. EXPLAIN ANALYZE</a> &raquo;
    </span>
</p>

</div>

    <div class="footer" role="contentinfo">
    </div>
  </body>
</html>